\BOOKMARK [1][-]{section.1}{Overview of new features and bug fixes in v3.1}{}% 1
\BOOKMARK [1][-]{section.2}{Introduction}{}% 2
\BOOKMARK [1][-]{section.3}{Overview of Features}{}% 3
\BOOKMARK [2][-]{subsection.3.1}{Chemical capabilities}{section.3}% 4
\BOOKMARK [2][-]{subsection.3.2}{Mechanical capabilities}{section.3}% 5
\BOOKMARK [2][-]{subsection.3.3}{Mechanochemical coupling}{section.3}% 6
\BOOKMARK [1][-]{section.4}{Running MEDYAN}{}% 7
\BOOKMARK [1][-]{section.5}{Input}{}% 8
\BOOKMARK [2][-]{subsection.5.1}{System file}{section.5}% 9
\BOOKMARK [3][-]{subsubsection.5.1.1}{Geometry}{subsection.5.1}% 10
\BOOKMARK [3][-]{subsubsection.5.1.2}{Mechanics}{subsection.5.1}% 11
\BOOKMARK [3][-]{subsubsection.5.1.3}{Chemistry}{subsection.5.1}% 12
\BOOKMARK [3][-]{subsubsection.5.1.4}{Dynamic rates}{subsection.5.1}% 13
\BOOKMARK [3][-]{subsubsection.5.1.5}{Starting filament configuration}{subsection.5.1}% 14
\BOOKMARK [3][-]{subsubsection.5.1.6}{Starting bubble configuration}{subsection.5.1}% 15
\BOOKMARK [3][-]{subsubsection.5.1.7}{Special setup}{subsection.5.1}% 16
\BOOKMARK [3][-]{subsubsection.5.1.8}{Special protocols}{subsection.5.1}% 17
\BOOKMARK [3][-]{subsubsection.5.1.9}{Output formats}{subsection.5.1}% 18
\BOOKMARK [2][-]{subsection.5.2}{Chemistry input file}{section.5}% 19
\BOOKMARK [3][-]{subsubsection.5.2.1}{Species}{subsection.5.2}% 20
\BOOKMARK [3][-]{subsubsection.5.2.2}{Binding sites}{subsection.5.2}% 21
\BOOKMARK [3][-]{subsubsection.5.2.3}{Reactions}{subsection.5.2}% 22
\BOOKMARK [2][-]{subsection.5.3}{Filament input file}{section.5}% 23
\BOOKMARK [2][-]{subsection.5.4}{Bubble input file}{section.5}% 24
\BOOKMARK [1][-]{section.6}{Output}{}% 25
\BOOKMARK [2][-]{subsection.6.1}{Types of output files}{section.6}% 26
\BOOKMARK [3][-]{subsubsection.6.1.1}{snapshot.traj}{subsection.6.1}% 27
\BOOKMARK [3][-]{subsubsection.6.1.2}{plusend.traj}{subsection.6.1}% 28
\BOOKMARK [3][-]{subsubsection.6.1.3}{forces.traj, stresses.traj, and birthtimes.traj}{subsection.6.1}% 29
\BOOKMARK [3][-]{subsubsection.6.1.4}{chemistry.traj}{subsection.6.1}% 30
\BOOKMARK [3][-]{subsubsection.6.1.5}{concentration.traj}{subsection.6.1}% 31
\BOOKMARK [3][-]{subsubsection.6.1.6}{monomers.traj}{subsection.6.1}% 32
\BOOKMARK [3][-]{subsubsection.6.1.7}{dissipation.traj}{subsection.6.1}% 33
\BOOKMARK [3][-]{subsubsection.6.1.8}{HRCD.traj}{subsection.6.1}% 34
\BOOKMARK [3][-]{subsubsection.6.1.9}{HRMD.traj}{subsection.6.1}% 35
\BOOKMARK [3][-]{subsubsection.6.1.10}{CMGraph.traj}{subsection.6.1}% 36
\BOOKMARK [3][-]{subsubsection.6.1.11}{motorwalkingevents.traj, linkerbindingevents.traj, linkerunbindingevents.traj}{subsection.6.1}% 37
\BOOKMARK [2][-]{subsection.6.2}{Visualization of output}{section.6}% 38
\BOOKMARK [3][-]{subsubsection.6.2.1}{VMD based visualization}{subsection.6.2}% 39
\BOOKMARK [3][-]{subsubsection.6.2.2}{MayaVi based visualization}{subsection.6.2}% 40
\BOOKMARK [4][-]{paragraph.6.2.2.1}{Running the visualization script, AnimateTrajectory.py}{subsubsection.6.2.2}% 41
\BOOKMARK [1][-]{section.7}{Restart trajectories}{}% 42
\BOOKMARK [2][-]{subsection.7.1}{Parse the last snapshot from snapshot.traj}{section.7}% 43
\BOOKMARK [2][-]{subsection.7.2}{Convert to Medyan readable format}{section.7}% 44
\BOOKMARK [2][-]{subsection.7.3}{Modify system input file}{section.7}% 45
\BOOKMARK [2][-]{subsection.7.4}{Merge snapshot, chemistry output files}{section.7}% 46
\BOOKMARK [1][-]{section.8}{Developer guide}{}% 47
\BOOKMARK [2][-]{subsection.8.1}{Analysis of output}{section.8}% 48
\BOOKMARK [2][-]{subsection.8.2}{Repository requests}{section.8}% 49
\BOOKMARK [2][-]{subsection.8.3}{Coding style}{section.8}% 50
\BOOKMARK [2][-]{subsection.8.4}{Other information}{section.8}% 51
\BOOKMARK [1][-]{section.9}{References}{}% 52
